proguard/seeds.txt
com.mail163.email.Email
com.mail163.email.Email: Email()
com.mail163.email.R$anim
com.mail163.email.R$anim: int footer_appear
com.mail163.email.R$anim: int footer_disappear
com.mail163.email.R$anim: int header_appear
com.mail163.email.R$anim: int header_disappear
com.mail163.email.R$anim: int slide_left_in
com.mail163.email.R$anim: int slide_left_out
com.mail163.email.R$anim: int slide_right_in
com.mail163.email.R$anim: int slide_right_out
com.mail163.email.R$array
com.mail163.email.R$array: int account_settings_check_frequency_entries
com.mail163.email.R$array: int account_settings_check_frequency_entries_push
com.mail163.email.R$array: int account_settings_check_frequency_values
com.mail163.email.R$array: int account_settings_check_frequency_values_push
com.mail163.email.R$array: int account_settings_down_count_entries
com.mail163.email.R$array: int account_settings_down_count_values
com.mail163.email.R$array: int account_settings_down_entries
com.mail163.email.R$array: int account_settings_down_values
com.mail163.email.R$array: int account_settings_mail_window_entries
com.mail163.email.R$array: int account_settings_mail_window_values
com.mail163.email.R$array: int account_settings_vibrate_when_entries
com.mail163.email.R$array: int account_settings_vibrate_when_values
com.mail163.email.R$array: int contacts_email_update
com.mail163.email.R$array: int mail_list_sort_type
com.mail163.email.R$array: int mailbox_display_icons
com.mail163.email.R$array: int mailbox_display_names
com.mail163.email.R$array: int priority_mail_entries
com.mail163.email.R$array: int soft_update_array
com.mail163.email.R$array: int store_area_array
com.mail163.email.R$array: int store_size_array
com.mail163.email.R$attr
com.mail163.email.R$attr: int qq_checkbox_style
com.mail163.email.R$color
com.mail163.email.R$color: int account_folder_list_item_separator
com.mail163.email.R$color: int background_cachhint
com.mail163.email.R$color: int connection_error_banner
com.mail163.email.R$color: int item_color
com.mail163.email.R$color: int line_black
com.mail163.email.R$color: int main_background_SlateGrey
com.mail163.email.R$color: int message_list_item_background_read
com.mail163.email.R$color: int message_list_item_background_unread
com.mail163.email.R$color: int pulltorefresh_text_grey
com.mail163.email.R$color: int qq_checkbox_text_color
com.mail163.email.R$color: int qq_semi_transparent_white
com.mail163.email.R$color: int text_dark
com.mail163.email.R$color: int text_white
com.mail163.email.R$color: int translucent_search_background
com.mail163.email.R$color: int transparent
com.mail163.email.R$color: int window_bg
com.mail163.email.R$dimen
com.mail163.email.R$dimen: int button_minWidth
...
com.mobclick.android.Gender: com.mobclick.android.Gender[] values()
com.mobclick.android.Gender: com.mobclick.android.Gender valueOf(java.lang.String)
com.tencent.mm.sdk.channel.MMessage$Receiver
com.tencent.mm.sdk.openapi.WXAppExtendObject
com.tencent.mm.sdk.openapi.WXAppExtendObject: java.lang.String extInfo
com.tencent.mm.sdk.openapi.WXAppExtendObject: java.lang.String filePath
com.tencent.mm.sdk.openapi.WXAppExtendObject: byte[] fileData
com.tencent.mm.sdk.openapi.WXAppExtendObject: WXAppExtendObject()
com.tencent.mm.sdk.openapi.WXAppExtendObject: WXAppExtendObject(java.lang.String,byte[])
com.tencent.mm.sdk.openapi.WXAppExtendObject: WXAppExtendObject(java.lang.String,java.lang.String)
com.tencent.mm.sdk.openapi.WXAppExtendObject: void serialize(android.os.Bundle)
com.tencent.mm.sdk.openapi.WXAppExtendObject: void unserialize(android.os.Bundle)
com.tencent.mm.sdk.openapi.WXAppExtendObject: int type()
com.tencent.mm.sdk.openapi.WXAppExtendObject: boolean checkArgs()
com.tencent.mm.sdk.openapi.WXEmojiObject
com.tencent.mm.sdk.openapi.WXEmojiObject: byte[] emojiData
com.tencent.mm.sdk.openapi.WXEmojiObject: java.lang.String emojiPath
com.tencent.mm.sdk.openapi.WXEmojiObject: WXEmojiObject()
com.tencent.mm.sdk.openapi.WXEmojiObject: WXEmojiObject(byte[])
com.tencent.mm.sdk.openapi.WXEmojiObject: WXEmojiObject(java.lang.String)
com.tencent.mm.sdk.openapi.WXEmojiObject: void setEmojiData(byte[])
com.tencent.mm.sdk.openapi.WXEmojiObject: void setEmojiPath(java.lang.String)
com.tencent.mm.sdk.openapi.WXEmojiObject: void serialize(android.os.Bundle)
com.tencent.mm.sdk.openapi.WXEmojiObject: void unserialize(android.os.Bundle)
com.tencent.mm.sdk.openapi.WXEmojiObject: int type()
com.tencent.mm.sdk.openapi.WXEmojiObject: boolean checkArgs()
com.tencent.mm.sdk.openapi.WXFileObject
com.tencent.mm.sdk.openapi.WXFileObject: byte[] fileData
com.tencent.mm.sdk.openapi.WXFileObject: java.lang.String filePath
com.tencent.mm.sdk.openapi.WXFileObject: WXFileObject()
com.tencent.mm.sdk.openapi.WXFileObject: WXFileObject(byte[])
com.tencent.mm.sdk.openapi.WXFileObject: WXFileObject(java.lang.String)
com.tencent.mm.sdk.openapi.WXFileObject: void setFileData(byte[])
com.tencent.mm.sdk.openapi.WXFileObject: void setFilePath(java.lang.String)
com.tencent.mm.sdk.openapi.WXFileObject: void serialize(android.os.Bundle)
com.tencent.mm.sdk.openapi.WXFileObject: void unserialize(android.os.Bundle)
com.tencent.mm.sdk.openapi.WXFileObject: int type()
com.tencent.mm.sdk.openapi.WXFileObject: boolean checkArgs()
com.tencent.mm.sdk.openapi.WXImageObject
com.tencent.mm.sdk.openapi.WXImageObject: byte[] imageData
com.tencent.mm.sdk.openapi.WXImageObject: java.lang.String imagePath
com.tencent.mm.sdk.openapi.WXImageObject: java.lang.String imageUrl
com.tencent.mm.sdk.openapi.WXImageObject: WXImageObject()
com.tencent.mm.sdk.openapi.WXImageObject: WXImageObject(byte[])
com.tencent.mm.sdk.openapi.WXImageObject: WXImageObject(android.graphics.Bitmap)
com.tencent.mm.sdk.openapi.WXImageObject: void setImagePath(java.lang.String)
com.tencent.mm.sdk.openapi.WXImageObject: void serialize(android.os.Bundle)
com.tencent.mm.sdk.openapi.WXImageObject: void unserialize(android.os.Bundle)
com.tencent.mm.sdk.openapi.WXImageObject: int type()
com.tencent.mm.sdk.openapi.WXImageObject: boolean checkArgs()