proguard/mapping.txt
com.mail163.email.Account -> com.mail163.email.a:
    com.mail163.email.Preferences mPreferences -> y
    java.lang.String mUuid -> a
    java.lang.String mStoreUri -> b
    java.lang.String mLocalStoreUri -> c
    java.lang.String mSenderUri -> d
    java.lang.String mDescription -> e
    java.lang.String mName -> f
    java.lang.String mEmail -> g
    int mAutomaticCheckIntervalMinutes -> h
    long mLastAutomaticCheckTime -> i
    boolean mNotifyNewMail -> j
    java.lang.String mDraftsFolderName -> k
    java.lang.String mSentFolderName -> l
    java.lang.String mTrashFolderName -> m
    java.lang.String mOutboxFolderName -> n
    int mAccountNumber -> o
    boolean mVibrate -> p
    boolean mVibrateWhenSilent -> q
    java.lang.String mRingtoneUri -> r
    int mSyncWindow -> s
    int mBackupFlags -> t
    java.lang.String mProtocolVersion -> u
    int mSecurityFlags -> v
    java.lang.String mSignature -> w
    int mDeletePolicy -> x
    java.lang.String getUuid() -> a
    java.lang.String getStoreUri() -> b
    java.lang.String getSenderUri() -> c
    java.lang.String getDescription() -> d
    void delete(com.mail163.email.Preferences) -> a
    void save(com.mail163.email.Preferences) -> b
    java.lang.String toString() -> toString
    java.lang.String getLocalStoreUri() -> e
    int getBackupFlags() -> f
    boolean equals(java.lang.Object) -> equals
com.mail163.email.AccountBackupRestore -> com.mail163.email.b:
    void backupAccounts(android.content.Context) -> a
    void restoreAccountsIfNeeded(android.content.Context) -> b
    void doBackupAccounts(android.content.Context,com.mail163.email.Preferences) -> a
    boolean doRestoreAccounts(android.content.Context,com.mail163.email.Preferences) -> b
com.mail163.email.AccountBackupRestore$1 -> com.mail163.email.c:
    android.content.Context val$context -> a
    void run() -> run
com.mail163.email.Controller -> com.mail163.email.d:
    com.mail163.email.Controller sInstance -> a
    android.content.Context mContext -> b
    android.content.Context mProviderContext -> c
    com.mail163.email.MessagingController mLegacyController -> d
    com.mail163.email.Controller$LegacyListener mLegacyListener -> e
    com.mail163.email.Controller$ServiceCallback mServiceCallback -> f
    java.util.HashSet mListeners -> g
    java.lang.String[] MESSAGEID_TO_ACCOUNTID_PROJECTION -> h
    int MESSAGEID_TO_ACCOUNTID_COLUMN_ACCOUNTID -> i
    java.lang.String[] MESSAGEID_TO_MAILBOXID_PROJECTION -> j
    int MESSAGEID_TO_MAILBOXID_COLUMN_MAILBOXID -> k
    com.mail163.email.Controller getInstance(android.content.Context) -> a
    void addResultCallback(com.mail163.email.Controller$Result) -> a
    void removeResultCallback(com.mail163.email.Controller$Result) -> b
    void updateMailboxList$b1a4a3a(long) -> a
    void serviceCheckMail$6859eafa(long,long) -> a
    void updateMailbox$36044740(long,long) -> b
    void loadMessageForView$b1a4a3a(long) -> b
    void saveToMailbox$2ea1b724(com.mail163.email.provider.EmailContent$Message) -> a
    long findOrCreateMailboxOfType(long,int) -> a
    void sendMessage(long,long) -> c
    void sendPendingMessages$b1a4a3a(long) -> c
    void resetVisibleLimits() -> a
    void loadMoreMessages$b1a4a3a(long) -> d
    long lookupAccountForMessage(long) -> g
    void deleteAttachment(long) -> e
    void deleteMessage(long,long) -> d
com.mail163.email.Controller$1 -> com.mail163.email.e:
    com.mail163.email.Controller this$0 -> a
    long val$accountId -> b
    void run() -> run
com.mail163.email.Controller$10 -> com.mail163.email.f:
    com.mail163.email.Controller this$0 -> a
    com.mail163.email.provider.EmailContent$Message val$message -> b
    void run() -> run
com.mail163.email.Controller$11 -> com.mail163.email.g:
    com.mail163.email.Controller this$0 -> a
    com.mail163.email.provider.EmailContent$Message val$message -> b
    void run() -> run
...
com.mobclick.android.UmengUpdateListener -> com.b.a.d:
com.mobclick.android.UpdateStatus -> com.b.a.e:
    int Yes -> a
    int No -> b
    int NoneWifi -> c
    int Timeout -> d
com.mobclick.android.a -> com.b.a.f:
    long a -> a
    org.apache.http.HttpRequestInterceptor d -> b
    org.apache.http.client.HttpClient e -> c
    java.lang.RuntimeException f -> d
    com.mobclick.android.e g -> e
    com.mobclick.android.a a(java.lang.String) -> a
    void finalize() -> finalize
    void a() -> a
    org.apache.http.params.HttpParams getParams() -> getParams
    org.apache.http.conn.ClientConnectionManager getConnectionManager() -> getConnectionManager
    org.apache.http.HttpResponse execute(org.apache.http.client.methods.HttpUriRequest) -> execute
    org.apache.http.HttpResponse execute(org.apache.http.client.methods.HttpUriRequest,org.apache.http.protocol.HttpContext) -> execute
    org.apache.http.HttpResponse execute(org.apache.http.HttpHost,org.apache.http.HttpRequest) -> execute
    org.apache.http.HttpResponse execute(org.apache.http.HttpHost,org.apache.http.HttpRequest,org.apache.http.protocol.HttpContext) -> execute
    java.lang.Object execute(org.apache.http.client.methods.HttpUriRequest,org.apache.http.client.ResponseHandler) -> execute
    java.lang.Object execute(org.apache.http.client.methods.HttpUriRequest,org.apache.http.client.ResponseHandler,org.apache.http.protocol.HttpContext) -> execute
    java.lang.Object execute(org.apache.http.HttpHost,org.apache.http.HttpRequest,org.apache.http.client.ResponseHandler) -> execute
com.mobclick.android.b -> com.b.a.g:
    void process(org.apache.http.HttpRequest,org.apache.http.protocol.HttpContext) -> process
com.mobclick.android.c -> com.b.a.h:
    com.mobclick.android.a a -> a
    org.apache.http.protocol.BasicHttpProcessor createHttpProcessor() -> createHttpProcessor
    org.apache.http.protocol.HttpContext createHttpContext() -> createHttpContext
com.mobclick.android.d -> com.b.a.i:
    com.mobclick.android.a a -> a
    void process(org.apache.http.HttpRequest,org.apache.http.protocol.HttpContext) -> process
com.mobclick.android.e -> com.b.a.j:
    java.lang.String a -> a
    int b -> b
    boolean a(com.mobclick.android.e) -> a
    void a(com.mobclick.android.e,java.lang.String) -> a
com.mobclick.android.f -> com.b.a.k:
    android.content.Context b -> a
    int c -> b
    java.lang.String d -> c
    java.lang.String e -> d
    java.lang.String f -> e
    java.lang.String g -> f
    android.app.Notification h -> g
    android.app.NotificationManager i -> h
    int j -> i
    boolean k -> j
    boolean l -> k
    int m -> l
    android.os.Handler n -> m
    long p -> n
    long q -> o
    long r -> p
    boolean s -> q
    long t -> r
    int a(java.lang.String,java.lang.String) -> a
    void c() -> a
    boolean f() -> b
    int a(java.io.InputStream,java.io.RandomAccessFile) -> a
    long b(boolean) -> a
    java.lang.String a(com.mobclick.android.f) -> a
    java.lang.String b(com.mobclick.android.f) -> b
    android.content.Context c(com.mobclick.android.f) -> c
    void a$548cc7fd(com.mobclick.android.f) -> d
    void a(com.mobclick.android.f,int) -> a
    void d(com.mobclick.android.f) -> e
    boolean e(com.mobclick.android.f) -> f
    android.os.Handler f(com.mobclick.android.f) -> g
    int g(com.mobclick.android.f) -> h
    boolean h(com.mobclick.android.f) -> i
    void b(com.mobclick.android.f,boolean) -> a
    void b(com.mobclick.android.f,int) -> b
com.mobclick.android.g -> com.b.a.l:
    com.mobclick.android.f a -> a
    void handleMessage(android.os.Message) -> handleMessage
com.mobclick.android.h -> com.b.a.m:
    com.mobclick.android.f a -> a
    void run() -> run
com.mobclick.android.i -> com.b.a.n:
    int b -> b
    com.mobclick.android.f a -> a
    void write(byte[],int,int) -> write
com.mobclick.android.j -> com.b.a.o:
    int a -> a
    int b -> b
    int c -> c
    int d -> d
    int e -> e
    int f -> f
    int g -> g