proguard/usage.txt
com.mail163.email.Account:
    public static final int DELETE_POLICY_NEVER
    public static final int DELETE_POLICY_7DAYS
    public static final int DELETE_POLICY_ON_DELETE
    public static final int CHECK_INTERVAL_NEVER
    public static final int CHECK_INTERVAL_PUSH
    public static final int SYNC_WINDOW_USER
    public static final int SYNC_WINDOW_1_DAY
    public static final int SYNC_WINDOW_3_DAYS
    public static final int SYNC_WINDOW_1_WEEK
    public static final int SYNC_WINDOW_2_WEEKS
    public static final int SYNC_WINDOW_1_MONTH
    public static final int SYNC_WINDOW_ALL
    public static final int BACKUP_FLAGS_IS_BACKUP
    public static final int BACKUP_FLAGS_SYNC_CONTACTS
    public static final int BACKUP_FLAGS_IS_DEFAULT
    public static final int BACKUP_FLAGS_SYNC_CALENDAR
    private static final java.lang.String KEY_SYNC_WINDOW
    private static final java.lang.String KEY_BACKUP_FLAGS
    private static final java.lang.String KEY_PROTOCOL_VERSION
    private static final java.lang.String KEY_SECURITY_FLAGS
    private static final java.lang.String KEY_SIGNATURE
    private static final java.lang.String KEY_VIBRATE_WHEN_SILENT
    360:360:public android.net.Uri getContentUri()
    368:369:public void setLocalStoreUri(java.lang.String)
    386:386:public long getLastAutomaticCheckTime()
    390:391:public void setLastAutomaticCheckTime(long)
    410:410:public java.lang.String getDraftsFolderName()
com.mail163.email.AccountBackupRestore:
    20:20:public AccountBackupRestore()
com.mail163.email.BuildConfig
com.mail163.email.Controller:
    96:97:public void setProviderContext(android.content.Context)
    125:125:private boolean isActiveResultCallback(com.mail163.email.Controller$Result)
    144:144:public void serviceLogging(int)
com.mail163.email.Controller$ServiceCallback:
    private static final boolean DEBUG_FAIL_DOWNLOADS
com.mail163.email.Email:
    public static final java.lang.String EMULATOR
    public static final boolean MOBILEMESSAGEFLAG
    public static final java.lang.String STORESETMESSAGE
    public static final java.lang.String LOG_TAG
    public static final java.lang.String SERVICE_MOBILE_TEST
    public static final java.lang.String SERVICE_MOBILE
    public static final boolean LOGD
    public static final int MAX_ATTACHMENT_DOWNLOAD_SIZE
    public static final int MAX_ATTACHMENT_UPLOAD_SIZE
    private static final long UPDATE_INTERVAL
    public static final java.lang.String EXCHANGE_ACCOUNT_MANAGER_TYPE
    284:284:public static int getAccountColor(long)
com.mail163.email.Email$Global:
    public static final java.lang.String tempFile
    public static final java.lang.String ACTION_INSTALL_SOFT
    public static final java.lang.String ACTION_MUSIC_SERVICE_BROADCASTK
    public static final java.lang.String ACTION_MUSIC_SERVICE
    public static final java.lang.String ACTION_SENDMESSAGE_BROADCASET
    public static final int set_streamSize_0
    public static final int set_streamSize_10
    public static final int set_streamsize_20
    public static final int set_streamsize_30
    public static boolean ISFORWORD
    39:39:public Email$Global()
com.mail163.email.EmailAddressAdapter:
    public static final int ID_INDEX
    public static final int NAME_INDEX
    public static final int DATA_INDEX
    protected static final java.lang.String SORT_ORDER
com.mail163.email.GroupMessagingListener:
    44:45:public synchronized void removeListener(com.mail163.email.MessagingListener)
    156:159:public synchronized void messageUidChanged(long,long,java.lang.String,java.lang.String)
com.mail163.email.LegacyConversions:
    private static final java.lang.String TAG
    private static final boolean DEBUG_ATTACHMENTS
    static final java.lang.String BODY_QUOTED_PART_REPLY
    static final java.lang.String BODY_QUOTED_PART_FORWARD
    static final java.lang.String BODY_QUOTED_PART_INTRO
    private static final int ATTACHMENT_META_COLUMNS_SIZE
    59:59:public LegacyConversions()
...
org.apache.commons.io.output.ProxyOutputStream
org.apache.commons.io.output.ProxyWriter
org.apache.commons.io.output.TeeOutputStream
org.apache.commons.io.output.ThresholdingOutputStream
org.apache.james.mime4j.AbstractContentHandler
org.apache.james.mime4j.BodyDescriptor:
    347:347:public java.lang.String getMimeType()
    365:365:public java.lang.String getCharset()
    374:374:public java.util.Map getParameters()
org.apache.james.mime4j.CloseShieldInputStream:
    44:44:public java.io.InputStream getUnderlyingStream()
org.apache.james.mime4j.EOLConvertingInputStream:
    public static final int CONVERT_CR
    public static final int CONVERT_LF
    public static final int CONVERT_BOTH
org.apache.james.mime4j.Log:
    33:33:public boolean isErrorEnabled()
    37:37:public boolean isFatalEnabled()
    41:41:public boolean isInfoEnabled()
    45:45:public boolean isTraceEnabled()
    53:55:public void trace(java.lang.Object)
    58:60:public void trace(java.lang.Object,java.lang.Throwable)
    68:70:public void debug(java.lang.Object,java.lang.Throwable)
    73:75:public void info(java.lang.Object)
    78:80:public void info(java.lang.Object,java.lang.Throwable)
    95:96:public void error(java.lang.Object,java.lang.Throwable)
    99:100:public void fatal(java.lang.Object)
    103:104:public void fatal(java.lang.Object,java.lang.Throwable)
org.apache.james.mime4j.LogFactory:
    23:24:private LogFactory()
org.apache.james.mime4j.MimeStreamParser:
    private static final boolean DEBUG_LOG_MESSAGE
    103:103:public boolean isRaw()
    117:118:public void setRaw(boolean)
    133:134:public void stop()
org.apache.james.mime4j.RootInputStream:
    67:68:public void truncate()
org.apache.james.mime4j.SimpleContentHandler
org.apache.james.mime4j.codec.EncoderUtil:
    private static final byte BASE64_PAD
    private static final int MAX_USED_CHARACTERS
    private static final java.lang.String ENC_WORD_PREFIX
    private static final java.lang.String ENC_WORD_SUFFIX
    private static final int ENCODED_WORD_MAX_LENGTH
    109:110:private EncoderUtil()
    154:157:public static java.lang.String encodeAddressLocalPart(java.lang.String)
    173:179:public static java.lang.String encodeHeaderParameter(java.lang.String,java.lang.String)
    442:452:public static boolean isToken(java.lang.String)
    479:499:private static boolean isDotAtomText(java.lang.String)
org.apache.james.mime4j.decoder.ByteQueue:
    33:36:public ByteQueue(int)
    58:58:public java.util.Iterator iterator()
org.apache.james.mime4j.decoder.UnboundedFifoByteBuffer:
    158:162:public byte get()
    193:197:private int increment(int)
    207:211:private int decrement(int)
    220:220:public java.util.Iterator iterator()
    192:192:static synthetic int access$0(org.apache.james.mime4j.decoder.UnboundedFifoByteBuffer,int)
    206:206:static synthetic int access$1(org.apache.james.mime4j.decoder.UnboundedFifoByteBuffer,int)
org.apache.james.mime4j.decoder.UnboundedFifoByteBuffer$1
org.apache.james.mime4j.field.AddressListField:
    40:40:public org.apache.james.mime4j.field.address.AddressList getAddressList()
    44:44:public org.apache.james.mime4j.field.address.parser.ParseException getParseException()
org.apache.james.mime4j.field.ContentTransferEncodingField:
    public static final java.lang.String ENC_7BIT
    public static final java.lang.String ENC_8BIT
    public static final java.lang.String ENC_BINARY
    public static final java.lang.String ENC_QUOTED_PRINTABLE
    public static final java.lang.String ENC_BASE64
    65:65:public java.lang.String getEncoding()
    76:79:public static java.lang.String getEncoding(org.apache.james.mime4j.field.ContentTransferEncodingField)